<?xml version="1.0" encoding="UTF-8"?>
<!-- Generated by org.testng.reporters.JUnitReportReporter -->
<testsuite hostname="LAPTOP-TK04FDR9" failures="0" tests="2" name="testscript.AdminTest" time="19.657" errors="0" timestamp="2025-10-17T09:25:20 IST" skipped="1">
  <testcase classname="testscript.AdminTest" name="verifyTheUserIsAbleToCreateNewUsers" time="12.968">
    <skipped/>
  </testcase> <!-- verifyTheUserIsAbleToCreateNewUsers -->
  <testcase classname="testscript.AdminTest" name="verifyTheUserIsAbleToCreateNewUsers" time="6.689"/>
</testsuite> <!-- testscript.AdminTest -->
