<?xml version="1.0" encoding="UTF-8"?>
<!-- Generated by org.testng.reporters.JUnitReportReporter -->
<testsuite hostname="LAPTOP-TK04FDR9" failures="0" tests="1" name="testscript.ContactTest" time="5.645" errors="0" timestamp="2025-10-17T08:27:23 IST" skipped="0">
  <testcase classname="testscript.ContactTest" name="enterTheUserIsAbleToUpdateTheContactDetails" time="5.645"/>
</testsuite> <!-- testscript.ContactTest -->
