<?xml version="1.0" encoding="UTF-8"?>
<!-- Generated by org.testng.reporters.JUnitReportReporter -->
<testsuite hostname="LAPTOP-TK04FDR9" failures="0" tests="1" name="testscript.ManageCatagoryTest" time="6.294" errors="0" timestamp="2025-10-17T08:27:23 IST" skipped="0">
  <testcase classname="testscript.ManageCatagoryTest" name="verifyTheUserIsAbleToAddNewCatagoryDetails" time="6.294"/>
</testsuite> <!-- testscript.ManageCatagoryTest -->
