<?xml version="1.0" encoding="UTF-8"?>
<!-- Generated by org.testng.reporters.JUnitReportReporter -->
<testsuite hostname="LAPTOP-TK04FDR9" failures="0" tests="2" name="testscript.LogoutTest" time="11.783" errors="0" timestamp="2025-10-17T09:13:51 IST" skipped="0">
  <testcase classname="testscript.LogoutTest" name="verifyTheUserIsAbleToLogoutTheHomePage" time="5.154"/>
  <testcase classname="testscript.LogoutTest" name="verifyTheUserIsAbleToLogoutTheHomePage" time="6.629"/>
</testsuite> <!-- testscript.LogoutTest -->
